<?xml version="1.0" encoding="UTF-8"?>
<testsuite xmlns:xsi="http://www.w3.org/2001/XMLSchema-instance" xsi:noNamespaceSchemaLocation="https://maven.apache.org/surefire/maven-surefire-plugin/xsd/surefire-test-report.xsd" version="3.0.2" name="com.core.QuantumComputerTest" time="0.106" tests="11" errors="0" skipped="0" failures="0">
  <properties>
[...]
</properties>
  <testcase name="testApplyCNOT" classname="com.core.QuantumComputerTest" time="0.009"/>
  <testcase name="testReset" classname="com.core.QuantumComputerTest" time="0.0"/>
  <testcase name="testInvalidQubitIndex" classname="com.core.QuantumComputerTest" time="0.0"/>
  <testcase name="testToString" classname="com.core.QuantumComputerTest" time="0.002"/>
  <testcase name="testSetStateWrongSize" classname="com.core.QuantumComputerTest" time="0.002"/>
  <testcase name="testSetName" classname="com.core.QuantumComputerTest" time="0.0"/>
  <testcase name="testApplyPauliX" classname="com.core.QuantumComputerTest" time="0.0"/>
  <testcase name="testApplyPauliZ" classname="com.core.QuantumComputerTest" time="0.001"/>
  <testcase name="testApplyHadamard" classname="com.core.QuantumComputerTest" time="0.0"/>
  <testcase name="testConstructor" classname="com.core.QuantumComputerTest" time="0.0"/>
  <testcase name="testSetState" classname="com.core.QuantumComputerTest" time="0.001"/>
</testsuite>